<?xml version="1.0" encoding="UTF-8"?>
<robot generator="Robot 7.3 (Python 3.13.3 on win32)" generated="2025-06-09T16:28:20.116597" rpa="false" schemaversion="5">
<suite id="s1" name="Task1" source="C:\Users\shssh\PycharmProjects\PythonProject\JuneRoboFwEGIndia2025\Task\Task1.robot">
<test id="s1-t1" name="Verify login success with valid credentials" line="13">
<kw name="Open Browser" owner="SeleniumLibrary">
<msg time="2025-06-09T16:28:20.890864" level="INFO">Opening browser 'Firefox' to base url 'https://www.tutorialspoint.com/selenium/practice/register.php'.</msg>
<arg>${url}</arg>
<arg>${browser}</arg>
<doc>Opens a new browser instance to the optional ``url``.</doc>
<status status="PASS" start="2025-06-09T16:28:20.890049" elapsed="10.427559"/>
</kw>
<kw name="Maximize Browser Window" owner="SeleniumLibrary">
<doc>Maximizes current browser window.</doc>
<status status="PASS" start="2025-06-09T16:28:31.318946" elapsed="0.013425"/>
</kw>
<kw name="Wait Until Element Is Visible" owner="SeleniumLibrary">
<arg>//input[@id='firstname']</arg>
<arg>timeout=5</arg>
<doc>Waits until the element ``locator`` is visible.</doc>
<status status="PASS" start="2025-06-09T16:28:31.333696" elapsed="0.058133"/>
</kw>
<kw name="Input Text" owner="SeleniumLibrary">
<msg time="2025-06-09T16:28:31.393122" level="INFO">Typing text 'Dhrithi' into text field '//input[@id='firstname']'.</msg>
<arg>//input[@id='firstname']</arg>
<arg>Dhrithi</arg>
<doc>Types the given ``text`` into the text field identified by ``locator``.</doc>
<status status="PASS" start="2025-06-09T16:28:31.392505" elapsed="0.121987"/>
</kw>
<kw name="Input Text" owner="SeleniumLibrary">
<msg time="2025-06-09T16:28:31.515559" level="INFO">Typing text 'Bhat' into text field '//input[@id='lastname']'.</msg>
<arg>//input[@id='lastname']</arg>
<arg>Bhat</arg>
<doc>Types the given ``text`` into the text field identified by ``locator``.</doc>
<status status="PASS" start="2025-06-09T16:28:31.515040" elapsed="0.051429"/>
</kw>
<kw name="Input Text" owner="SeleniumLibrary">
<msg time="2025-06-09T16:28:31.567337" level="INFO">Typing text 'dhrithii13' into text field '//input[@id='username']'.</msg>
<arg>//input[@id='username']</arg>
<arg>dhrithii13</arg>
<doc>Types the given ``text`` into the text field identified by ``locator``.</doc>
<status status="PASS" start="2025-06-09T16:28:31.566983" elapsed="0.045628"/>
</kw>
<kw name="Input Text" owner="SeleniumLibrary">
<msg time="2025-06-09T16:28:31.614177" level="INFO">Typing text 'dhrithi123' into text field '//input[@id='password']'.</msg>
<arg>//input[@id='password']</arg>
<arg>dhrithi123</arg>
<doc>Types the given ``text`` into the text field identified by ``locator``.</doc>
<status status="PASS" start="2025-06-09T16:28:31.613802" elapsed="0.035955"/>
</kw>
<kw name="Click Element" owner="SeleniumLibrary">
<msg time="2025-06-09T16:28:31.669683" level="INFO">Clicking element '//input[@value='Register']'.</msg>
<arg>//input[@value='Register']</arg>
<doc>Click the element identified by ``locator``.</doc>
<status status="PASS" start="2025-06-09T16:28:31.669204" elapsed="0.533480"/>
</kw>
<kw name="Close Browser" owner="SeleniumLibrary">
<doc>Closes the current browser.</doc>
<status status="PASS" start="2025-06-09T16:28:32.203673" elapsed="3.671338"/>
</kw>
<doc>This test case verifies that user is able to successfully Login to the internet.registerpage</doc>
<status status="PASS" start="2025-06-09T16:28:20.887171" elapsed="14.999841"/>
</test>
<status status="PASS" start="2025-06-09T16:28:20.120762" elapsed="15.778827"/>
</suite>
<statistics>
<total>
<stat pass="1" fail="0" skip="0">All Tests</stat>
</total>
<tag>
</tag>
<suite>
<stat name="Task1" id="s1" pass="1" fail="0" skip="0">Task1</stat>
</suite>
</statistics>
<errors>
</errors>
</robot>
